InsertCashTransaction;0;thepalmelund;100;09/05/2015 8:23:27 PM
InsertCashTransaction;1;thepalmelund;100;09/05/2015 8:23:49 PM
InsertCashTransaction;2;thepalmelund;10000;09/05/2015 8:24:05 PM
BuyTransaction;3;thepalmelund;11;1200;09/05/2015 8:24:17 PM
BuyTransaction;4;thepalmelund;34;1300;09/05/2015 8:24:26 PM
InsertCashTransaction;5;thepalmelund;1000;09/05/2015 8:25:51 PM
InsertCashTransaction;6;thepalmelund;100;09/05/2015 8:27:10 PM
InsertCashTransaction;7;thepalmelund;100;09/05/2015 8:28:59 PM
InsertCashTransaction;8;test;1;09/05/2015 8:30:43 PM
InsertCashTransaction;9;thepalmelund;10000;09/05/2015 8:30:57 PM
BuyTransaction;10;thepalmelund;11;1200;09/05/2015 8:31:31 PM
BuyTransaction;11;thepalmelund;34;1300;09/05/2015 8:31:36 PM
BuyTransaction;12;thepalmelund;34;1300;09/05/2015 8:31:36 PM
BuyTransaction;13;thepalmelund;34;1300;09/05/2015 8:31:36 PM
InsertCashTransaction;14;test;10000;09/05/2015 8:31:49 PM
BuyTransaction;15;test;27;1500;09/05/2015 8:31:57 PM
BuyTransaction;16;thepalmelund;34;1300;11/05/2015 10:37:18 AM
InsertCashTransaction;17;thepalmelund;100;11/05/2015 10:37:54 AM
BuyTransaction;18;thepalmelund;11;1200;11/05/2015 10:56:54 AM
BuyTransaction;19;thepalmelund;11;1200;11/05/2015 10:58:14 AM
BuyTransaction;20;thepalmelund;11;1200;11/05/2015 11:00:39 AM
InsertCashTransaction;21;thepalmelund;10000;11/05/2015 12:26:27 PM
BuyTransaction;22;thepalmelund;32;300;11/05/2015 12:26:42 PM
BuyTransaction;23;thepalmelund;32;300;11/05/2015 12:26:42 PM
BuyTransaction;24;thepalmelund;32;300;11/05/2015 12:26:42 PM
BuyTransaction;25;thepalmelund;34;1300;11/05/2015 12:26:58 PM
BuyTransaction;26;thepalmelund;34;1300;11/05/2015 12:26:58 PM
BuyTransaction;27;thepalmelund;34;1300;11/05/2015 12:26:58 PM
BuyTransaction;28;thepalmelund;32;300;11/05/2015 12:27:12 PM
BuyTransaction;29;thepalmelund;32;300;11/05/2015 12:27:16 PM
BuyTransaction;30;thepalmelund;11;1200;11/05/2015 12:29:08 PM
BuyTransaction;31;thepalmelund;11;1200;11/05/2015 12:29:10 PM
BuyTransaction;32;thepalmelund;11;1200;11/05/2015 12:29:16 PM
BuyTransaction;33;thepalmelund;15;1500;11/05/2015 12:30:05 PM
BuyTransaction;34;thepalmelund;15;1500;11/05/2015 12:30:09 PM
